# JRE version: 7.0_10-b18
# Java VM: Java HotSpot(TM) Server VM (23.6-b04 mixed mode linux-x86 )
Heap
 def new generation   total 38080K, used 4911K [0xa7c00000, 0xaa550000, 0xaa550000)
  eden space 33856K,   8% used [0xa7c00000, 0xa7ee8d08, 0xa9d10000)
  from space 4224K,  45% used [0xaa130000, 0xaa3130a8, 0xaa550000)
  to   space 4224K,   0% used [0xa9d10000, 0xa9d10000, 0xaa130000)
 tenured generation   total 84672K, used 74524K [0xaa550000, 0xaf800000, 0xaf800000)
   the space 84672K,  88% used [0xaa550000, 0xaee17050, 0xaee17200, 0xaf800000)
 compacting perm gen  total 30976K, used 30848K [0xaf800000, 0xb1640000, 0xb3800000)
   the space 30976K,  99% used [0xaf800000, 0xb16200d0, 0xb1620200, 0xb1640000)
GC Heap History (10 events):
Event: 115712.366 GC heap before
{Heap before GC invocations=811 (full 9):
 def new generation   total 38080K, used 34891K [0xa7c00000, 0xaa550000, 0xaa550000)
  eden space 33856K, 100% used [0xa7c00000, 0xa9d10000, 0xa9d10000)
  from space 4224K,  24% used [0xa9d10000, 0xa9e12f90, 0xaa130000)
  to   space 4224K,   0% used [0xaa130000, 0xaa130000, 0xaa550000)
 tenured generation   total 84672K, used 74482K [0xaa550000, 0xaf800000, 0xaf800000)
   the space 84672K,  87% used [0xaa550000, 0xaee0c878, 0xaee0ca00, 0xaf800000)
 compacting perm gen  total 30976K, used 30847K [0xaf800000, 0xb1640000, 0xb3800000)
   the space 30976K,  99% used [0xaf800000, 0xb161ff70, 0xb1620000, 0xb1640000)
No shared spaces configured.
Event: 115712.372 GC heap after
Heap after GC invocations=812 (full 9):
 def new generation   total 38080K, used 990K [0xa7c00000, 0xaa550000, 0xaa550000)
  eden space 33856K,   0% used [0xa7c00000, 0xa7c00000, 0xa9d10000)
  from space 4224K,  23% used [0xaa130000, 0xaa2278e8, 0xaa550000)
  to   space 4224K,   0% used [0xa9d10000, 0xa9d10000, 0xaa130000)
 tenured generation   total 84672K, used 74483K [0xaa550000, 0xaf800000, 0xaf800000)
   the space 84672K,  87% used [0xaa550000, 0xaee0ccd8, 0xaee0ce00, 0xaf800000)
 compacting perm gen  total 30976K, used 30847K [0xaf800000, 0xb1640000, 0xb3800000)
   the space 30976K,  99% used [0xaf800000, 0xb161ff70, 0xb1620000, 0xb1640000)
No shared spaces configured.
}
Event: 116091.114 GC heap before
{Heap before GC invocations=812 (full 9):
 def new generation   total 38080K, used 34846K [0xa7c00000, 0xaa550000, 0xaa550000)
  eden space 33856K, 100% used [0xa7c00000, 0xa9d10000, 0xa9d10000)
  from space 4224K,  23% used [0xaa130000, 0xaa2278e8, 0xaa550000)
  to   space 4224K,   0% used [0xa9d10000, 0xa9d10000, 0xaa130000)
 tenured generation   total 84672K, used 74483K [0xaa550000, 0xaf800000, 0xaf800000)
   the space 84672K,  87% used [0xaa550000, 0xaee0ccd8, 0xaee0ce00, 0xaf800000)
 compacting perm gen  total 30976K, used 30847K [0xaf800000, 0xb1640000, 0xb3800000)
   the space 30976K,  99% used [0xaf800000, 0xb161ff70, 0xb1620000, 0xb1640000)
No shared spaces configured.
Event: 116091.120 GC heap after
Heap after GC invocations=813 (full 9):
 def new generation   total 38080K, used 1580K [0xa7c00000, 0xaa550000, 0xaa550000)
  eden space 33856K,   0% used [0xa7c00000, 0xa7c00000, 0xa9d10000)
  from space 4224K,  37% used [0xa9d10000, 0xa9e9b358, 0xaa130000)
  to   space 4224K,   0% used [0xaa130000, 0xaa130000, 0xaa550000)
 tenured generation   total 84672K, used 74485K [0xaa550000, 0xaf800000, 0xaf800000)
   the space 84672K,  87% used [0xaa550000, 0xaee0d5a8, 0xaee0d600, 0xaf800000)
 compacting perm gen  total 30976K, used 30847K [0xaf800000, 0xb1640000, 0xb3800000)
   the space 30976K,  99% used [0xaf800000, 0xb161ff70, 0xb1620000, 0xb1640000)
No shared spaces configured.
}
Event: 116497.233 GC heap before
{Heap before GC invocations=813 (full 9):
 def new generation   total 38080K, used 35436K [0xa7c00000, 0xaa550000, 0xaa550000)
  eden space 33856K, 100% used [0xa7c00000, 0xa9d10000, 0xa9d10000)
  from space 4224K,  37% used [0xa9d10000, 0xa9e9b358, 0xaa130000)
  to   space 4224K,   0% used [0xaa130000, 0xaa130000, 0xaa550000)
 tenured generation   total 84672K, used 74485K [0xaa550000, 0xaf800000, 0xaf800000)
   the space 84672K,  87% used [0xaa550000, 0xaee0d5a8, 0xaee0d600, 0xaf800000)
 compacting perm gen  total 30976K, used 30847K [0xaf800000, 0xb1640000, 0xb3800000)
   the space 30976K,  99% used [0xaf800000, 0xb161ff90, 0xb1620000, 0xb1640000)
No shared spaces configured.
Event: 116497.240 GC heap after
Heap after GC invocations=814 (full 9):
 def new generation   total 38080K, used 1897K [0xa7c00000, 0xaa550000, 0xaa550000)
  eden space 33856K,   0% used [0xa7c00000, 0xa7c00000, 0xa9d10000)
  from space 4224K,  44% used [0xaa130000, 0xaa30a7b0, 0xaa550000)
  to   space 4224K,   0% used [0xa9d10000, 0xa9d10000, 0xaa130000)
 tenured generation   total 84672K, used 74486K [0xaa550000, 0xaf800000, 0xaf800000)
   the space 84672K,  87% used [0xaa550000, 0xaee0d8f0, 0xaee0da00, 0xaf800000)
 compacting perm gen  total 30976K, used 30847K [0xaf800000, 0xb1640000, 0xb3800000)
   the space 30976K,  99% used [0xaf800000, 0xb161ff90, 0xb1620000, 0xb1640000)
No shared spaces configured.
}
Event: 116590.065 GC heap before
{Heap before GC invocations=814 (full 9):
 def new generation   total 38080K, used 35753K [0xa7c00000, 0xaa550000, 0xaa550000)
  eden space 33856K, 100% used [0xa7c00000, 0xa9d10000, 0xa9d10000)
  from space 4224K,  44% used [0xaa130000, 0xaa30a7b0, 0xaa550000)
  to   space 4224K,   0% used [0xa9d10000, 0xa9d10000, 0xaa130000)
 tenured generation   total 84672K, used 74486K [0xaa550000, 0xaf800000, 0xaf800000)
   the space 84672K,  87% used [0xaa550000, 0xaee0d8f0, 0xaee0da00, 0xaf800000)
 compacting perm gen  total 30976K, used 30847K [0xaf800000, 0xb1640000, 0xb3800000)
   the space 30976K,  99% used [0xaf800000, 0xb161ff90, 0xb1620000, 0xb1640000)
No shared spaces configured.
Event: 116590.072 GC heap after
Heap after GC invocations=815 (full 9):
 def new generation   total 38080K, used 1597K [0xa7c00000, 0xaa550000, 0xaa550000)
  eden space 33856K,   0% used [0xa7c00000, 0xa7c00000, 0xa9d10000)
  from space 4224K,  37% used [0xa9d10000, 0xa9e9f400, 0xaa130000)
  to   space 4224K,   0% used [0xaa130000, 0xaa130000, 0xaa550000)
 tenured generation   total 84672K, used 74496K [0xaa550000, 0xaf800000, 0xaf800000)
   the space 84672K,  87% used [0xaa550000, 0xaee10228, 0xaee10400, 0xaf800000)
 compacting perm gen  total 30976K, used 30847K [0xaf800000, 0xb1640000, 0xb3800000)
   the space 30976K,  99% used [0xaf800000, 0xb161ff90, 0xb1620000, 0xb1640000)
No shared spaces configured.
}
Event: 116623.369 GC heap before
{Heap before GC invocations=815 (full 9):
 def new generation   total 38080K, used 35453K [0xa7c00000, 0xaa550000, 0xaa550000)
  eden space 33856K, 100% used [0xa7c00000, 0xa9d10000, 0xa9d10000)
  from space 4224K,  37% used [0xa9d10000, 0xa9e9f400, 0xaa130000)
  to   space 4224K,   0% used [0xaa130000, 0xaa130000, 0xaa550000)
 tenured generation   total 84672K, used 74496K [0xaa550000, 0xaf800000, 0xaf800000)
   the space 84672K,  87% used [0xaa550000, 0xaee10228, 0xaee10400, 0xaf800000)
 compacting perm gen  total 30976K, used 30848K [0xaf800000, 0xb1640000, 0xb3800000)
   the space 30976K,  99% used [0xaf800000, 0xb16200d0, 0xb1620200, 0xb1640000)
No shared spaces configured.
Event: 116623.380 GC heap after
Heap after GC invocations=816 (full 9):
 def new generation   total 38080K, used 1932K [0xa7c00000, 0xaa550000, 0xaa550000)
  eden space 33856K,   0% used [0xa7c00000, 0xa7c00000, 0xa9d10000)
  from space 4224K,  45% used [0xaa130000, 0xaa3130a8, 0xaa550000)
  to   space 4224K,   0% used [0xa9d10000, 0xa9d10000, 0xaa130000)
 tenured generation   total 84672K, used 74524K [0xaa550000, 0xaf800000, 0xaf800000)
   the space 84672K,  88% used [0xaa550000, 0xaee17050, 0xaee17200, 0xaf800000)
 compacting perm gen  total 30976K, used 30848K [0xaf800000, 0xb1640000, 0xb3800000)
   the space 30976K,  99% used [0xaf800000, 0xb16200d0, 0xb1620200, 0xb1640000)
No shared spaces configured.
}

