# JRE version: 7.0_10-b18
# Java VM: Java HotSpot(TM) Server VM (23.6-b04 mixed mode linux-x86 )
Heap
 def new generation   total 36160K, used 13416K [0xa7c90000, 0xaa3c0000, 0xaa5e0000)
  eden space 32192K,  36% used [0xa7c90000, 0xa881c238, 0xa9c00000)
  from space 3968K,  40% used [0xa9fe0000, 0xaa16e0a8, 0xaa3c0000)
  to   space 3968K,   0% used [0xa9c00000, 0xa9c00000, 0xa9fe0000)
 tenured generation   total 80136K, used 56884K [0xaa5e0000, 0xaf422000, 0xaf890000)
   the space 80136K,  70% used [0xaa5e0000, 0xadd6d378, 0xadd6d400, 0xaf422000)
 compacting perm gen  total 34304K, used 34102K [0xaf890000, 0xb1a10000, 0xb3890000)
   the space 34304K,  99% used [0xaf890000, 0xb19ddbf0, 0xb19ddc00, 0xb1a10000)
GC Heap History (10 events):
Event: 33038.828 GC heap before
{Heap before GC invocations=555 (full 10):
 def new generation   total 36160K, used 33949K [0xa7c90000, 0xaa3c0000, 0xaa5e0000)
  eden space 32192K, 100% used [0xa7c90000, 0xa9c00000, 0xa9c00000)
  from space 3968K,  44% used [0xa9c00000, 0xa9db77f8, 0xa9fe0000)
  to   space 3968K,   0% used [0xa9fe0000, 0xa9fe0000, 0xaa3c0000)
 tenured generation   total 80136K, used 56653K [0xaa5e0000, 0xaf422000, 0xaf890000)
   the space 80136K,  70% used [0xaa5e0000, 0xadd33598, 0xadd33600, 0xaf422000)
 compacting perm gen  total 34304K, used 34053K [0xaf890000, 0xb1a10000, 0xb3890000)
   the space 34304K,  99% used [0xaf890000, 0xb19d1498, 0xb19d1600, 0xb1a10000)
No shared spaces configured.
Event: 33038.835 GC heap after
Heap after GC invocations=556 (full 10):
 def new generation   total 36160K, used 1975K [0xa7c90000, 0xaa3c0000, 0xaa5e0000)
  eden space 32192K,   0% used [0xa7c90000, 0xa7c90000, 0xa9c00000)
  from space 3968K,  49% used [0xa9fe0000, 0xaa1cdef8, 0xaa3c0000)
  to   space 3968K,   0% used [0xa9c00000, 0xa9c00000, 0xa9fe0000)
 tenured generation   total 80136K, used 56653K [0xaa5e0000, 0xaf422000, 0xaf890000)
   the space 80136K,  70% used [0xaa5e0000, 0xadd33598, 0xadd33600, 0xaf422000)
 compacting perm gen  total 34304K, used 34053K [0xaf890000, 0xb1a10000, 0xb3890000)
   the space 34304K,  99% used [0xaf890000, 0xb19d1498, 0xb19d1600, 0xb1a10000)
No shared spaces configured.
}
Event: 33242.079 GC heap before
{Heap before GC invocations=556 (full 10):
 def new generation   total 36160K, used 34167K [0xa7c90000, 0xaa3c0000, 0xaa5e0000)
  eden space 32192K, 100% used [0xa7c90000, 0xa9c00000, 0xa9c00000)
  from space 3968K,  49% used [0xa9fe0000, 0xaa1cdef8, 0xaa3c0000)
  to   space 3968K,   0% used [0xa9c00000, 0xa9c00000, 0xa9fe0000)
 tenured generation   total 80136K, used 56653K [0xaa5e0000, 0xaf422000, 0xaf890000)
   the space 80136K,  70% used [0xaa5e0000, 0xadd33598, 0xadd33600, 0xaf422000)
 compacting perm gen  total 34304K, used 34053K [0xaf890000, 0xb1a10000, 0xb3890000)
   the space 34304K,  99% used [0xaf890000, 0xb19d1498, 0xb19d1600, 0xb1a10000)
No shared spaces configured.
Event: 33242.094 GC heap after
Heap after GC invocations=557 (full 10):
 def new generation   total 36160K, used 1789K [0xa7c90000, 0xaa3c0000, 0xaa5e0000)
  eden space 32192K,   0% used [0xa7c90000, 0xa7c90000, 0xa9c00000)
  from space 3968K,  45% used [0xa9c00000, 0xa9dbf508, 0xa9fe0000)
  to   space 3968K,   0% used [0xa9fe0000, 0xa9fe0000, 0xaa3c0000)
 tenured generation   total 80136K, used 56653K [0xaa5e0000, 0xaf422000, 0xaf890000)
   the space 80136K,  70% used [0xaa5e0000, 0xadd33598, 0xadd33600, 0xaf422000)
 compacting perm gen  total 34304K, used 34053K [0xaf890000, 0xb1a10000, 0xb3890000)
   the space 34304K,  99% used [0xaf890000, 0xb19d1498, 0xb19d1600, 0xb1a10000)
No shared spaces configured.
}
Event: 33242.280 GC heap before
{Heap before GC invocations=557 (full 10):
 def new generation   total 36160K, used 33981K [0xa7c90000, 0xaa3c0000, 0xaa5e0000)
  eden space 32192K, 100% used [0xa7c90000, 0xa9c00000, 0xa9c00000)
  from space 3968K,  45% used [0xa9c00000, 0xa9dbf508, 0xa9fe0000)
  to   space 3968K,   0% used [0xa9fe0000, 0xa9fe0000, 0xaa3c0000)
 tenured generation   total 80136K, used 56653K [0xaa5e0000, 0xaf422000, 0xaf890000)
   the space 80136K,  70% used [0xaa5e0000, 0xadd33598, 0xadd33600, 0xaf422000)
 compacting perm gen  total 34304K, used 34053K [0xaf890000, 0xb1a10000, 0xb3890000)
   the space 34304K,  99% used [0xaf890000, 0xb19d1498, 0xb19d1600, 0xb1a10000)
No shared spaces configured.
Event: 33242.295 GC heap after
Heap after GC invocations=558 (full 10):
 def new generation   total 36160K, used 1737K [0xa7c90000, 0xaa3c0000, 0xaa5e0000)
  eden space 32192K,   0% used [0xa7c90000, 0xa7c90000, 0xa9c00000)
  from space 3968K,  43% used [0xa9fe0000, 0xaa1924c0, 0xaa3c0000)
  to   space 3968K,   0% used [0xa9c00000, 0xa9c00000, 0xa9fe0000)
 tenured generation   total 80136K, used 56653K [0xaa5e0000, 0xaf422000, 0xaf890000)
   the space 80136K,  70% used [0xaa5e0000, 0xadd33598, 0xadd33600, 0xaf422000)
 compacting perm gen  total 34304K, used 34053K [0xaf890000, 0xb1a10000, 0xb3890000)
   the space 34304K,  99% used [0xaf890000, 0xb19d1498, 0xb19d1600, 0xb1a10000)
No shared spaces configured.
}
Event: 33281.908 GC heap before
{Heap before GC invocations=558 (full 10):
 def new generation   total 36160K, used 33929K [0xa7c90000, 0xaa3c0000, 0xaa5e0000)
  eden space 32192K, 100% used [0xa7c90000, 0xa9c00000, 0xa9c00000)
  from space 3968K,  43% used [0xa9fe0000, 0xaa1924c0, 0xaa3c0000)
  to   space 3968K,   0% used [0xa9c00000, 0xa9c00000, 0xa9fe0000)
 tenured generation   total 80136K, used 56653K [0xaa5e0000, 0xaf422000, 0xaf890000)
   the space 80136K,  70% used [0xaa5e0000, 0xadd33598, 0xadd33600, 0xaf422000)
 compacting perm gen  total 34304K, used 34053K [0xaf890000, 0xb1a10000, 0xb3890000)
   the space 34304K,  99% used [0xaf890000, 0xb19d1668, 0xb19d1800, 0xb1a10000)
No shared spaces configured.
Event: 33281.924 GC heap after
Heap after GC invocations=559 (full 10):
 def new generation   total 36160K, used 2182K [0xa7c90000, 0xaa3c0000, 0xaa5e0000)
  eden space 32192K,   0% used [0xa7c90000, 0xa7c90000, 0xa9c00000)
  from space 3968K,  55% used [0xa9c00000, 0xa9e21b30, 0xa9fe0000)
  to   space 3968K,   0% used [0xa9fe0000, 0xa9fe0000, 0xaa3c0000)
 tenured generation   total 80136K, used 56653K [0xaa5e0000, 0xaf422000, 0xaf890000)
   the space 80136K,  70% used [0xaa5e0000, 0xadd33598, 0xadd33600, 0xaf422000)
 compacting perm gen  total 34304K, used 34053K [0xaf890000, 0xb1a10000, 0xb3890000)
   the space 34304K,  99% used [0xaf890000, 0xb19d1668, 0xb19d1800, 0xb1a10000)
No shared spaces configured.
}
Event: 33290.513 GC heap before
{Heap before GC invocations=559 (full 10):
 def new generation   total 36160K, used 34374K [0xa7c90000, 0xaa3c0000, 0xaa5e0000)
  eden space 32192K, 100% used [0xa7c90000, 0xa9c00000, 0xa9c00000)
  from space 3968K,  55% used [0xa9c00000, 0xa9e21b30, 0xa9fe0000)
  to   space 3968K,   0% used [0xa9fe0000, 0xa9fe0000, 0xaa3c0000)
 tenured generation   total 80136K, used 56653K [0xaa5e0000, 0xaf422000, 0xaf890000)
   the space 80136K,  70% used [0xaa5e0000, 0xadd33598, 0xadd33600, 0xaf422000)
 compacting perm gen  total 34304K, used 34102K [0xaf890000, 0xb1a10000, 0xb3890000)
   the space 34304K,  99% used [0xaf890000, 0xb19dd858, 0xb19dda00, 0xb1a10000)
No shared spaces configured.
Event: 33290.532 GC heap after
Heap after GC invocations=560 (full 10):
 def new generation   total 36160K, used 1592K [0xa7c90000, 0xaa3c0000, 0xaa5e0000)
  eden space 32192K,   0% used [0xa7c90000, 0xa7c90000, 0xa9c00000)
  from space 3968K,  40% used [0xa9fe0000, 0xaa16e0a8, 0xaa3c0000)
  to   space 3968K,   0% used [0xa9c00000, 0xa9c00000, 0xa9fe0000)
 tenured generation   total 80136K, used 56884K [0xaa5e0000, 0xaf422000, 0xaf890000)
   the space 80136K,  70% used [0xaa5e0000, 0xadd6d378, 0xadd6d400, 0xaf422000)
 compacting perm gen  total 34304K, used 34102K [0xaf890000, 0xb1a10000, 0xb3890000)
   the space 34304K,  99% used [0xaf890000, 0xb19dd858, 0xb19dda00, 0xb1a10000)
No shared spaces configured.
}

